<?xml version="1.0" encoding="UTF-8"?>
<testng-results skipped="0" failed="0" ignored="0" total="1" passed="1">
  <reporter-output>
  </reporter-output>
  <suite name="Suite" duration-ms="22399" started-at="2019-10-29T23:50:06Z" finished-at="2019-10-29T23:50:28Z">
    <groups>
    </groups>
    <test name="Test" duration-ms="22399" started-at="2019-10-29T23:50:06Z" finished-at="2019-10-29T23:50:28Z">
      <class name="TestNGTest.LoginPageTest">
        <test-method status="PASS" signature="setUp()[pri:0, instance:TestNGTest.LoginPageTest@31a5c39e]" name="setUp" is-config="true" duration-ms="14195" started-at="2019-10-29T23:50:06Z" finished-at="2019-10-29T23:50:20Z">
          <reporter-output>
          </reporter-output>
        </test-method> <!-- setUp -->
        <test-method status="PASS" signature="verifyloginPage()[pri:0, instance:TestNGTest.LoginPageTest@31a5c39e]" name="verifyloginPage" duration-ms="7383" started-at="2019-10-29T23:50:20Z" finished-at="2019-10-29T23:50:27Z">
          <reporter-output>
          </reporter-output>
        </test-method> <!-- verifyloginPage -->
        <test-method status="PASS" signature="tearDown()[pri:0, instance:TestNGTest.LoginPageTest@31a5c39e]" name="tearDown" is-config="true" duration-ms="774" started-at="2019-10-29T23:50:27Z" finished-at="2019-10-29T23:50:28Z">
          <reporter-output>
          </reporter-output>
        </test-method> <!-- tearDown -->
      </class> <!-- TestNGTest.LoginPageTest -->
    </test> <!-- Test -->
  </suite> <!-- Suite -->
</testng-results>
